This file contains any messages produced by compilers while
running configure, to aid debugging if configure makes a mistake.

It was created by sqlite configure 3.31.0, which was
generated by GNU Autoconf 2.69.  Invocation command line was

  $ ../sqlite/configure 

## --------- ##
## Platform. ##
## --------- ##

hostname = 52893c7fb502
uname -m = x86_64
uname -r = 4.9.184-linuxkit
uname -s = Linux
uname -v = #1 SMP Tue Jul 2 22:58:16 UTC 2019

/usr/bin/uname -p = unknown
/bin/uname -X     = unknown

/bin/arch              = x86_64
/usr/bin/arch -k       = unknown
/usr/convex/getsysinfo = unknown
/usr/bin/hostinfo      = unknown
/bin/machine           = unknown
/usr/bin/oslevel       = unknown
/bin/universe          = unknown

PATH: /var/lang/bin
PATH: /usr/local/sbin
PATH: /usr/local/bin
PATH: /usr/sbin
PATH: /usr/bin
PATH: /sbin
PATH: /bin
PATH: /opt/bin


## ----------- ##
## Core tests. ##
## ----------- ##

configure:2499: checking build system type
configure:2513: result: x86_64-pc-linux-gnu
configure:2533: checking host system type
configure:2546: result: x86_64-pc-linux-gnu
configure:2614: checking for gcc
configure:2630: found /usr/bin/gcc
configure:2641: result: gcc
configure:2870: checking for C compiler version
configure:2879: gcc --version >&5
gcc (GCC) 4.8.5 20150623 (Red Hat 4.8.5-28)
Copyright (C) 2015 Free Software Foundation, Inc.
This is free software; see the source for copying conditions.  There is NO
warranty; not even for MERCHANTABILITY or FITNESS FOR A PARTICULAR PURPOSE.

configure:2890: $? = 0
configure:2879: gcc -v >&5
Using built-in specs.
COLLECT_GCC=gcc
COLLECT_LTO_WRAPPER=/usr/libexec/gcc/x86_64-amazon-linux/4.8.5/lto-wrapper
Target: x86_64-amazon-linux
Configured with: ../configure --prefix=/usr --mandir=/usr/share/man --infodir=/usr/share/info --with-bugurl=http://bugzilla.redhat.com/bugzilla --enable-bootstrap --enable-shared --enable-threads=posix --enable-checking=release --with-system-zlib --enable-__cxa_atexit --disable-libunwind-exceptions --enable-gnu-unique-object --enable-linker-build-id --with-linker-hash-style=gnu --enable-languages=c,c++,fortran,ada,lto --enable-plugin --enable-initfini-array --disable-libgcj --with-isl=/builddir/build/BUILD/gcc-4.8.5-20150702/obj-x86_64-amazon-linux/isl-install --with-cloog=/builddir/build/BUILD/gcc-4.8.5-20150702/obj-x86_64-amazon-linux/cloog-install --enable-gnu-indirect-function --with-tune=generic --with-arch_32=x86-64 --build=x86_64-amazon-linux
Thread model: posix
gcc version 4.8.5 20150623 (Red Hat 4.8.5-28) (GCC) 
configure:2890: $? = 0
configure:2879: gcc -V >&5
gcc: error: unrecognized command line option '-V'
gcc: fatal error: no input files
compilation terminated.
configure:2890: $? = 4
configure:2879: gcc -qversion >&5
gcc: error: unrecognized command line option '-qversion'
gcc: fatal error: no input files
compilation terminated.
configure:2890: $? = 4
configure:2910: checking whether the C compiler works
configure:2932: gcc    conftest.c  >&5
configure:2936: $? = 0
configure:2984: result: yes
configure:2987: checking for C compiler default output file name
configure:2989: result: a.out
configure:2995: checking for suffix of executables
configure:3002: gcc -o conftest    conftest.c  >&5
configure:3006: $? = 0
configure:3028: result: 
configure:3050: checking whether we are cross compiling
configure:3058: gcc -o conftest    conftest.c  >&5
configure:3062: $? = 0
configure:3069: ./conftest
configure:3073: $? = 0
configure:3088: result: no
configure:3093: checking for suffix of object files
configure:3115: gcc -c   conftest.c >&5
configure:3119: $? = 0
configure:3140: result: o
configure:3144: checking whether we are using the GNU C compiler
configure:3163: gcc -c   conftest.c >&5
configure:3163: $? = 0
configure:3172: result: yes
configure:3181: checking whether gcc accepts -g
configure:3201: gcc -c -g  conftest.c >&5
configure:3201: $? = 0
configure:3242: result: yes
configure:3259: checking for gcc option to accept ISO C89
configure:3322: gcc  -c -g -O2  conftest.c >&5
configure:3322: $? = 0
configure:3335: result: none needed
configure:3355: checking for a sed that does not truncate output
configure:3419: result: /bin/sed
configure:3437: checking for grep that handles long lines and -e
configure:3495: result: /bin/grep
configure:3500: checking for egrep
configure:3562: result: /bin/grep -E
configure:3567: checking for fgrep
configure:3629: result: /bin/grep -F
configure:3664: checking for ld used by gcc
configure:3731: result: /usr/bin/ld
configure:3738: checking if the linker (/usr/bin/ld) is GNU ld
configure:3753: result: yes
configure:3765: checking for BSD- or MS-compatible name lister (nm)
configure:3814: result: /usr/bin/nm -B
configure:3932: checking the name lister (/usr/bin/nm -B) interface
configure:3939: gcc -c -g -O2  conftest.c >&5
configure:3942: /usr/bin/nm -B "conftest.o"
configure:3945: output
0000000000000000 B some_variable
configure:3952: result: BSD nm
configure:3955: checking whether ln -s works
configure:3959: result: yes
configure:3967: checking the maximum length of command line arguments
configure:4087: result: 1572864
configure:4104: checking whether the shell understands some XSI constructs
configure:4114: result: yes
configure:4118: checking whether the shell understands "+="
configure:4124: result: yes
configure:4159: checking for /usr/bin/ld option to reload object files
configure:4166: result: -r
configure:4235: checking for objdump
configure:4251: found /usr/bin/objdump
configure:4262: result: objdump
configure:4294: checking how to recognize dependent libraries
configure:4490: result: pass_all
configure:4550: checking for ar
configure:4566: found /usr/bin/ar
configure:4577: result: ar
configure:4655: checking for strip
configure:4671: found /usr/bin/strip
configure:4682: result: strip
configure:4754: checking for ranlib
configure:4770: found /usr/bin/ranlib
configure:4781: result: ranlib
configure:4871: checking command to parse /usr/bin/nm -B output from gcc object
configure:4989: gcc -c -g -O2  conftest.c >&5
configure:4992: $? = 0
configure:4996: /usr/bin/nm -B conftest.o \| sed -n -e 's/^.*[	 ]\([ABCDGIRSTW][ABCDGIRSTW]*\)[	 ][	 ]*\([_A-Za-z][_A-Za-z0-9]*\)$/\1 \2 \2/p' \> conftest.nm
configure:4999: $? = 0
configure:5053: gcc -o conftest -g -O2   conftest.c conftstm.o >&5
configure:5056: $? = 0
configure:5094: result: ok
configure:5190: gcc -c -g -O2  conftest.c >&5
configure:5193: $? = 0
configure:5903: checking how to run the C preprocessor
configure:5934: gcc -E  conftest.c
configure:5934: $? = 0
configure:5948: gcc -E  conftest.c
conftest.c:9:28: fatal error: ac_nonexistent.h: No such file or directory
 #include <ac_nonexistent.h>
                            ^
compilation terminated.
configure:5948: $? = 1
configure: failed program was:
| /* confdefs.h */
| #define PACKAGE_NAME "sqlite"
| #define PACKAGE_TARNAME "sqlite"
| #define PACKAGE_VERSION "3.31.0"
| #define PACKAGE_STRING "sqlite 3.31.0"
| #define PACKAGE_BUGREPORT ""
| #define PACKAGE_URL ""
| /* end confdefs.h.  */
| #include <ac_nonexistent.h>
configure:5973: result: gcc -E
configure:5993: gcc -E  conftest.c
configure:5993: $? = 0
configure:6007: gcc -E  conftest.c
conftest.c:9:28: fatal error: ac_nonexistent.h: No such file or directory
 #include <ac_nonexistent.h>
                            ^
compilation terminated.
configure:6007: $? = 1
configure: failed program was:
| /* confdefs.h */
| #define PACKAGE_NAME "sqlite"
| #define PACKAGE_TARNAME "sqlite"
| #define PACKAGE_VERSION "3.31.0"
| #define PACKAGE_STRING "sqlite 3.31.0"
| #define PACKAGE_BUGREPORT ""
| #define PACKAGE_URL ""
| /* end confdefs.h.  */
| #include <ac_nonexistent.h>
configure:6036: checking for ANSI C header files
configure:6056: gcc -c -g -O2  conftest.c >&5
configure:6056: $? = 0
configure:6129: gcc -o conftest -g -O2   conftest.c  >&5
configure:6129: $? = 0
configure:6129: ./conftest
configure:6129: $? = 0
configure:6140: result: yes
configure:6153: checking for sys/types.h
configure:6153: gcc -c -g -O2  conftest.c >&5
configure:6153: $? = 0
configure:6153: result: yes
configure:6153: checking for sys/stat.h
configure:6153: gcc -c -g -O2  conftest.c >&5
configure:6153: $? = 0
configure:6153: result: yes
configure:6153: checking for stdlib.h
configure:6153: gcc -c -g -O2  conftest.c >&5
configure:6153: $? = 0
configure:6153: result: yes
configure:6153: checking for string.h
configure:6153: gcc -c -g -O2  conftest.c >&5
configure:6153: $? = 0
configure:6153: result: yes
configure:6153: checking for memory.h
configure:6153: gcc -c -g -O2  conftest.c >&5
configure:6153: $? = 0
configure:6153: result: yes
configure:6153: checking for strings.h
configure:6153: gcc -c -g -O2  conftest.c >&5
configure:6153: $? = 0
configure:6153: result: yes
configure:6153: checking for inttypes.h
configure:6153: gcc -c -g -O2  conftest.c >&5
configure:6153: $? = 0
configure:6153: result: yes
configure:6153: checking for stdint.h
configure:6153: gcc -c -g -O2  conftest.c >&5
configure:6153: $? = 0
configure:6153: result: yes
configure:6153: checking for unistd.h
configure:6153: gcc -c -g -O2  conftest.c >&5
configure:6153: $? = 0
configure:6153: result: yes
configure:6167: checking for dlfcn.h
configure:6167: gcc -c -g -O2  conftest.c >&5
configure:6167: $? = 0
configure:6167: result: yes
configure:6351: checking for objdir
configure:6366: result: .libs
configure:6658: checking if gcc supports -fno-rtti -fno-exceptions
configure:6676: gcc -c -g -O2  -fno-rtti -fno-exceptions conftest.c >&5
cc1: warning: command line option '-fno-rtti' is valid for C++/ObjC++ but not for C [enabled by default]
configure:6680: $? = 0
configure:6693: result: no
configure:6713: checking for gcc option to produce PIC
configure:6985: result: -fPIC -DPIC
configure:6997: checking if gcc PIC flag -fPIC -DPIC works
configure:7015: gcc -c -g -O2  -fPIC -DPIC -DPIC conftest.c >&5
configure:7019: $? = 0
configure:7032: result: yes
configure:7056: checking if gcc static flag -static works
configure:7084: result: no
configure:7099: checking if gcc supports -c -o file.o
configure:7120: gcc -c -g -O2  -o out/conftest2.o conftest.c >&5
configure:7124: $? = 0
configure:7146: result: yes
configure:7154: checking if gcc supports -c -o file.o
configure:7201: result: yes
configure:7234: checking whether the gcc linker (/usr/bin/ld -m elf_x86_64) supports shared libraries
configure:8220: result: yes
configure:8257: checking whether -lc should be explicitly linked in
configure:8262: gcc -c -g -O2  conftest.c >&5
configure:8265: $? = 0
configure:8280: gcc -shared conftest.o  -v -Wl,-soname -Wl,conftest -o conftest 2\>\&1 \| /bin/grep  -lc  \>/dev/null 2\>\&1
configure:8283: $? = 0
configure:8295: result: no
configure:8459: checking dynamic linker characteristics
configure:8905: gcc -o conftest -g -O2   -Wl,-rpath -Wl,/foo conftest.c  >&5
configure:8905: $? = 0
configure:9123: result: GNU/Linux ld.so
configure:9225: checking how to hardcode library paths into programs
configure:9250: result: immediate
configure:9770: checking whether stripping libraries is possible
configure:9775: result: yes
configure:9810: checking if libtool supports shared libraries
configure:9812: result: yes
configure:9815: checking whether to build shared libraries
configure:9836: result: yes
configure:9839: checking whether to build static libraries
configure:9843: result: yes
configure:9892: checking for a BSD-compatible install
configure:9960: result: /usr/bin/install -c
configure:9982: checking for special C compiler options needed for large files
configure:10027: result: no
configure:10033: checking for _FILE_OFFSET_BITS value needed for large files
configure:10058: gcc -c -g -O2  conftest.c >&5
configure:10058: $? = 0
configure:10090: result: no
configure:10178: checking for int8_t
configure:10178: gcc -c -g -O2  conftest.c >&5
configure:10178: $? = 0
configure:10178: gcc -c -g -O2  conftest.c >&5
conftest.c: In function 'main':
conftest.c:57:21: error: expected expression before ')' token
 if (sizeof ((int8_t)))
                     ^
configure:10178: $? = 1
configure: failed program was:
| /* confdefs.h */
| #define PACKAGE_NAME "sqlite"
| #define PACKAGE_TARNAME "sqlite"
| #define PACKAGE_VERSION "3.31.0"
| #define PACKAGE_STRING "sqlite 3.31.0"
| #define PACKAGE_BUGREPORT ""
| #define PACKAGE_URL ""
| #define STDC_HEADERS 1
| #define HAVE_SYS_TYPES_H 1
| #define HAVE_SYS_STAT_H 1
| #define HAVE_STDLIB_H 1
| #define HAVE_STRING_H 1
| #define HAVE_MEMORY_H 1
| #define HAVE_STRINGS_H 1
| #define HAVE_INTTYPES_H 1
| #define HAVE_STDINT_H 1
| #define HAVE_UNISTD_H 1
| #define HAVE_DLFCN_H 1
| #define LT_OBJDIR ".libs/"
| /* end confdefs.h.  */
| #include <stdio.h>
| #ifdef HAVE_SYS_TYPES_H
| # include <sys/types.h>
| #endif
| #ifdef HAVE_SYS_STAT_H
| # include <sys/stat.h>
| #endif
| #ifdef STDC_HEADERS
| # include <stdlib.h>
| # include <stddef.h>
| #else
| # ifdef HAVE_STDLIB_H
| #  include <stdlib.h>
| # endif
| #endif
| #ifdef HAVE_STRING_H
| # if !defined STDC_HEADERS && defined HAVE_MEMORY_H
| #  include <memory.h>
| # endif
| # include <string.h>
| #endif
| #ifdef HAVE_STRINGS_H
| # include <strings.h>
| #endif
| #ifdef HAVE_INTTYPES_H
| # include <inttypes.h>
| #endif
| #ifdef HAVE_STDINT_H
| # include <stdint.h>
| #endif
| #ifdef HAVE_UNISTD_H
| # include <unistd.h>
| #endif
| int
| main ()
| {
| if (sizeof ((int8_t)))
| 	    return 0;
|   ;
|   return 0;
| }
configure:10178: result: yes
configure:10187: checking for int16_t
configure:10187: gcc -c -g -O2  conftest.c >&5
configure:10187: $? = 0
configure:10187: gcc -c -g -O2  conftest.c >&5
conftest.c: In function 'main':
conftest.c:58:22: error: expected expression before ')' token
 if (sizeof ((int16_t)))
                      ^
configure:10187: $? = 1
configure: failed program was:
| /* confdefs.h */
| #define PACKAGE_NAME "sqlite"
| #define PACKAGE_TARNAME "sqlite"
| #define PACKAGE_VERSION "3.31.0"
| #define PACKAGE_STRING "sqlite 3.31.0"
| #define PACKAGE_BUGREPORT ""
| #define PACKAGE_URL ""
| #define STDC_HEADERS 1
| #define HAVE_SYS_TYPES_H 1
| #define HAVE_SYS_STAT_H 1
| #define HAVE_STDLIB_H 1
| #define HAVE_STRING_H 1
| #define HAVE_MEMORY_H 1
| #define HAVE_STRINGS_H 1
| #define HAVE_INTTYPES_H 1
| #define HAVE_STDINT_H 1
| #define HAVE_UNISTD_H 1
| #define HAVE_DLFCN_H 1
| #define LT_OBJDIR ".libs/"
| #define HAVE_INT8_T 1
| /* end confdefs.h.  */
| #include <stdio.h>
| #ifdef HAVE_SYS_TYPES_H
| # include <sys/types.h>
| #endif
| #ifdef HAVE_SYS_STAT_H
| # include <sys/stat.h>
| #endif
| #ifdef STDC_HEADERS
| # include <stdlib.h>
| # include <stddef.h>
| #else
| # ifdef HAVE_STDLIB_H
| #  include <stdlib.h>
| # endif
| #endif
| #ifdef HAVE_STRING_H
| # if !defined STDC_HEADERS && defined HAVE_MEMORY_H
| #  include <memory.h>
| # endif
| # include <string.h>
| #endif
| #ifdef HAVE_STRINGS_H
| # include <strings.h>
| #endif
| #ifdef HAVE_INTTYPES_H
| # include <inttypes.h>
| #endif
| #ifdef HAVE_STDINT_H
| # include <stdint.h>
| #endif
| #ifdef HAVE_UNISTD_H
| # include <unistd.h>
| #endif
| int
| main ()
| {
| if (sizeof ((int16_t)))
| 	    return 0;
|   ;
|   return 0;
| }
configure:10187: result: yes
configure:10196: checking for int32_t
configure:10196: gcc -c -g -O2  conftest.c >&5
configure:10196: $? = 0
configure:10196: gcc -c -g -O2  conftest.c >&5
conftest.c: In function 'main':
conftest.c:59:22: error: expected expression before ')' token
 if (sizeof ((int32_t)))
                      ^
configure:10196: $? = 1
configure: failed program was:
| /* confdefs.h */
| #define PACKAGE_NAME "sqlite"
| #define PACKAGE_TARNAME "sqlite"
| #define PACKAGE_VERSION "3.31.0"
| #define PACKAGE_STRING "sqlite 3.31.0"
| #define PACKAGE_BUGREPORT ""
| #define PACKAGE_URL ""
| #define STDC_HEADERS 1
| #define HAVE_SYS_TYPES_H 1
| #define HAVE_SYS_STAT_H 1
| #define HAVE_STDLIB_H 1
| #define HAVE_STRING_H 1
| #define HAVE_MEMORY_H 1
| #define HAVE_STRINGS_H 1
| #define HAVE_INTTYPES_H 1
| #define HAVE_STDINT_H 1
| #define HAVE_UNISTD_H 1
| #define HAVE_DLFCN_H 1
| #define LT_OBJDIR ".libs/"
| #define HAVE_INT8_T 1
| #define HAVE_INT16_T 1
| /* end confdefs.h.  */
| #include <stdio.h>
| #ifdef HAVE_SYS_TYPES_H
| # include <sys/types.h>
| #endif
| #ifdef HAVE_SYS_STAT_H
| # include <sys/stat.h>
| #endif
| #ifdef STDC_HEADERS
| # include <stdlib.h>
| # include <stddef.h>
| #else
| # ifdef HAVE_STDLIB_H
| #  include <stdlib.h>
| # endif
| #endif
| #ifdef HAVE_STRING_H
| # if !defined STDC_HEADERS && defined HAVE_MEMORY_H
| #  include <memory.h>
| # endif
| # include <string.h>
| #endif
| #ifdef HAVE_STRINGS_H
| # include <strings.h>
| #endif
| #ifdef HAVE_INTTYPES_H
| # include <inttypes.h>
| #endif
| #ifdef HAVE_STDINT_H
| # include <stdint.h>
| #endif
| #ifdef HAVE_UNISTD_H
| # include <unistd.h>
| #endif
| int
| main ()
| {
| if (sizeof ((int32_t)))
| 	    return 0;
|   ;
|   return 0;
| }
configure:10196: result: yes
configure:10205: checking for int64_t
configure:10205: gcc -c -g -O2  conftest.c >&5
configure:10205: $? = 0
configure:10205: gcc -c -g -O2  conftest.c >&5
conftest.c: In function 'main':
conftest.c:60:22: error: expected expression before ')' token
 if (sizeof ((int64_t)))
                      ^
configure:10205: $? = 1
configure: failed program was:
| /* confdefs.h */
| #define PACKAGE_NAME "sqlite"
| #define PACKAGE_TARNAME "sqlite"
| #define PACKAGE_VERSION "3.31.0"
| #define PACKAGE_STRING "sqlite 3.31.0"
| #define PACKAGE_BUGREPORT ""
| #define PACKAGE_URL ""
| #define STDC_HEADERS 1
| #define HAVE_SYS_TYPES_H 1
| #define HAVE_SYS_STAT_H 1
| #define HAVE_STDLIB_H 1
| #define HAVE_STRING_H 1
| #define HAVE_MEMORY_H 1
| #define HAVE_STRINGS_H 1
| #define HAVE_INTTYPES_H 1
| #define HAVE_STDINT_H 1
| #define HAVE_UNISTD_H 1
| #define HAVE_DLFCN_H 1
| #define LT_OBJDIR ".libs/"
| #define HAVE_INT8_T 1
| #define HAVE_INT16_T 1
| #define HAVE_INT32_T 1
| /* end confdefs.h.  */
| #include <stdio.h>
| #ifdef HAVE_SYS_TYPES_H
| # include <sys/types.h>
| #endif
| #ifdef HAVE_SYS_STAT_H
| # include <sys/stat.h>
| #endif
| #ifdef STDC_HEADERS
| # include <stdlib.h>
| # include <stddef.h>
| #else
| # ifdef HAVE_STDLIB_H
| #  include <stdlib.h>
| # endif
| #endif
| #ifdef HAVE_STRING_H
| # if !defined STDC_HEADERS && defined HAVE_MEMORY_H
| #  include <memory.h>
| # endif
| # include <string.h>
| #endif
| #ifdef HAVE_STRINGS_H
| # include <strings.h>
| #endif
| #ifdef HAVE_INTTYPES_H
| # include <inttypes.h>
| #endif
| #ifdef HAVE_STDINT_H
| # include <stdint.h>
| #endif
| #ifdef HAVE_UNISTD_H
| # include <unistd.h>
| #endif
| int
| main ()
| {
| if (sizeof ((int64_t)))
| 	    return 0;
|   ;
|   return 0;
| }
configure:10205: result: yes
configure:10214: checking for intptr_t
configure:10214: gcc -c -g -O2  conftest.c >&5
configure:10214: $? = 0
configure:10214: gcc -c -g -O2  conftest.c >&5
conftest.c: In function 'main':
conftest.c:61:23: error: expected expression before ')' token
 if (sizeof ((intptr_t)))
                       ^
configure:10214: $? = 1
configure: failed program was:
| /* confdefs.h */
| #define PACKAGE_NAME "sqlite"
| #define PACKAGE_TARNAME "sqlite"
| #define PACKAGE_VERSION "3.31.0"
| #define PACKAGE_STRING "sqlite 3.31.0"
| #define PACKAGE_BUGREPORT ""
| #define PACKAGE_URL ""
| #define STDC_HEADERS 1
| #define HAVE_SYS_TYPES_H 1
| #define HAVE_SYS_STAT_H 1
| #define HAVE_STDLIB_H 1
| #define HAVE_STRING_H 1
| #define HAVE_MEMORY_H 1
| #define HAVE_STRINGS_H 1
| #define HAVE_INTTYPES_H 1
| #define HAVE_STDINT_H 1
| #define HAVE_UNISTD_H 1
| #define HAVE_DLFCN_H 1
| #define LT_OBJDIR ".libs/"
| #define HAVE_INT8_T 1
| #define HAVE_INT16_T 1
| #define HAVE_INT32_T 1
| #define HAVE_INT64_T 1
| /* end confdefs.h.  */
| #include <stdio.h>
| #ifdef HAVE_SYS_TYPES_H
| # include <sys/types.h>
| #endif
| #ifdef HAVE_SYS_STAT_H
| # include <sys/stat.h>
| #endif
| #ifdef STDC_HEADERS
| # include <stdlib.h>
| # include <stddef.h>
| #else
| # ifdef HAVE_STDLIB_H
| #  include <stdlib.h>
| # endif
| #endif
| #ifdef HAVE_STRING_H
| # if !defined STDC_HEADERS && defined HAVE_MEMORY_H
| #  include <memory.h>
| # endif
| # include <string.h>
| #endif
| #ifdef HAVE_STRINGS_H
| # include <strings.h>
| #endif
| #ifdef HAVE_INTTYPES_H
| # include <inttypes.h>
| #endif
| #ifdef HAVE_STDINT_H
| # include <stdint.h>
| #endif
| #ifdef HAVE_UNISTD_H
| # include <unistd.h>
| #endif
| int
| main ()
| {
| if (sizeof ((intptr_t)))
| 	    return 0;
|   ;
|   return 0;
| }
configure:10214: result: yes
configure:10223: checking for uint8_t
configure:10223: gcc -c -g -O2  conftest.c >&5
configure:10223: $? = 0
configure:10223: gcc -c -g -O2  conftest.c >&5
conftest.c: In function 'main':
conftest.c:62:22: error: expected expression before ')' token
 if (sizeof ((uint8_t)))
                      ^
configure:10223: $? = 1
configure: failed program was:
| /* confdefs.h */
| #define PACKAGE_NAME "sqlite"
| #define PACKAGE_TARNAME "sqlite"
| #define PACKAGE_VERSION "3.31.0"
| #define PACKAGE_STRING "sqlite 3.31.0"
| #define PACKAGE_BUGREPORT ""
| #define PACKAGE_URL ""
| #define STDC_HEADERS 1
| #define HAVE_SYS_TYPES_H 1
| #define HAVE_SYS_STAT_H 1
| #define HAVE_STDLIB_H 1
| #define HAVE_STRING_H 1
| #define HAVE_MEMORY_H 1
| #define HAVE_STRINGS_H 1
| #define HAVE_INTTYPES_H 1
| #define HAVE_STDINT_H 1
| #define HAVE_UNISTD_H 1
| #define HAVE_DLFCN_H 1
| #define LT_OBJDIR ".libs/"
| #define HAVE_INT8_T 1
| #define HAVE_INT16_T 1
| #define HAVE_INT32_T 1
| #define HAVE_INT64_T 1
| #define HAVE_INTPTR_T 1
| /* end confdefs.h.  */
| #include <stdio.h>
| #ifdef HAVE_SYS_TYPES_H
| # include <sys/types.h>
| #endif
| #ifdef HAVE_SYS_STAT_H
| # include <sys/stat.h>
| #endif
| #ifdef STDC_HEADERS
| # include <stdlib.h>
| # include <stddef.h>
| #else
| # ifdef HAVE_STDLIB_H
| #  include <stdlib.h>
| # endif
| #endif
| #ifdef HAVE_STRING_H
| # if !defined STDC_HEADERS && defined HAVE_MEMORY_H
| #  include <memory.h>
| # endif
| # include <string.h>
| #endif
| #ifdef HAVE_STRINGS_H
| # include <strings.h>
| #endif
| #ifdef HAVE_INTTYPES_H
| # include <inttypes.h>
| #endif
| #ifdef HAVE_STDINT_H
| # include <stdint.h>
| #endif
| #ifdef HAVE_UNISTD_H
| # include <unistd.h>
| #endif
| int
| main ()
| {
| if (sizeof ((uint8_t)))
| 	    return 0;
|   ;
|   return 0;
| }
configure:10223: result: yes
configure:10232: checking for uint16_t
configure:10232: gcc -c -g -O2  conftest.c >&5
configure:10232: $? = 0
configure:10232: gcc -c -g -O2  conftest.c >&5
conftest.c: In function 'main':
conftest.c:63:23: error: expected expression before ')' token
 if (sizeof ((uint16_t)))
                       ^
configure:10232: $? = 1
configure: failed program was:
| /* confdefs.h */
| #define PACKAGE_NAME "sqlite"
| #define PACKAGE_TARNAME "sqlite"
| #define PACKAGE_VERSION "3.31.0"
| #define PACKAGE_STRING "sqlite 3.31.0"
| #define PACKAGE_BUGREPORT ""
| #define PACKAGE_URL ""
| #define STDC_HEADERS 1
| #define HAVE_SYS_TYPES_H 1
| #define HAVE_SYS_STAT_H 1
| #define HAVE_STDLIB_H 1
| #define HAVE_STRING_H 1
| #define HAVE_MEMORY_H 1
| #define HAVE_STRINGS_H 1
| #define HAVE_INTTYPES_H 1
| #define HAVE_STDINT_H 1
| #define HAVE_UNISTD_H 1
| #define HAVE_DLFCN_H 1
| #define LT_OBJDIR ".libs/"
| #define HAVE_INT8_T 1
| #define HAVE_INT16_T 1
| #define HAVE_INT32_T 1
| #define HAVE_INT64_T 1
| #define HAVE_INTPTR_T 1
| #define HAVE_UINT8_T 1
| /* end confdefs.h.  */
| #include <stdio.h>
| #ifdef HAVE_SYS_TYPES_H
| # include <sys/types.h>
| #endif
| #ifdef HAVE_SYS_STAT_H
| # include <sys/stat.h>
| #endif
| #ifdef STDC_HEADERS
| # include <stdlib.h>
| # include <stddef.h>
| #else
| # ifdef HAVE_STDLIB_H
| #  include <stdlib.h>
| # endif
| #endif
| #ifdef HAVE_STRING_H
| # if !defined STDC_HEADERS && defined HAVE_MEMORY_H
| #  include <memory.h>
| # endif
| # include <string.h>
| #endif
| #ifdef HAVE_STRINGS_H
| # include <strings.h>
| #endif
| #ifdef HAVE_INTTYPES_H
| # include <inttypes.h>
| #endif
| #ifdef HAVE_STDINT_H
| # include <stdint.h>
| #endif
| #ifdef HAVE_UNISTD_H
| # include <unistd.h>
| #endif
| int
| main ()
| {
| if (sizeof ((uint16_t)))
| 	    return 0;
|   ;
|   return 0;
| }
configure:10232: result: yes
configure:10241: checking for uint32_t
configure:10241: gcc -c -g -O2  conftest.c >&5
configure:10241: $? = 0
configure:10241: gcc -c -g -O2  conftest.c >&5
conftest.c: In function 'main':
conftest.c:64:23: error: expected expression before ')' token
 if (sizeof ((uint32_t)))
                       ^
configure:10241: $? = 1
configure: failed program was:
| /* confdefs.h */
| #define PACKAGE_NAME "sqlite"
| #define PACKAGE_TARNAME "sqlite"
| #define PACKAGE_VERSION "3.31.0"
| #define PACKAGE_STRING "sqlite 3.31.0"
| #define PACKAGE_BUGREPORT ""
| #define PACKAGE_URL ""
| #define STDC_HEADERS 1
| #define HAVE_SYS_TYPES_H 1
| #define HAVE_SYS_STAT_H 1
| #define HAVE_STDLIB_H 1
| #define HAVE_STRING_H 1
| #define HAVE_MEMORY_H 1
| #define HAVE_STRINGS_H 1
| #define HAVE_INTTYPES_H 1
| #define HAVE_STDINT_H 1
| #define HAVE_UNISTD_H 1
| #define HAVE_DLFCN_H 1
| #define LT_OBJDIR ".libs/"
| #define HAVE_INT8_T 1
| #define HAVE_INT16_T 1
| #define HAVE_INT32_T 1
| #define HAVE_INT64_T 1
| #define HAVE_INTPTR_T 1
| #define HAVE_UINT8_T 1
| #define HAVE_UINT16_T 1
| /* end confdefs.h.  */
| #include <stdio.h>
| #ifdef HAVE_SYS_TYPES_H
| # include <sys/types.h>
| #endif
| #ifdef HAVE_SYS_STAT_H
| # include <sys/stat.h>
| #endif
| #ifdef STDC_HEADERS
| # include <stdlib.h>
| # include <stddef.h>
| #else
| # ifdef HAVE_STDLIB_H
| #  include <stdlib.h>
| # endif
| #endif
| #ifdef HAVE_STRING_H
| # if !defined STDC_HEADERS && defined HAVE_MEMORY_H
| #  include <memory.h>
| # endif
| # include <string.h>
| #endif
| #ifdef HAVE_STRINGS_H
| # include <strings.h>
| #endif
| #ifdef HAVE_INTTYPES_H
| # include <inttypes.h>
| #endif
| #ifdef HAVE_STDINT_H
| # include <stdint.h>
| #endif
| #ifdef HAVE_UNISTD_H
| # include <unistd.h>
| #endif
| int
| main ()
| {
| if (sizeof ((uint32_t)))
| 	    return 0;
|   ;
|   return 0;
| }
configure:10241: result: yes
configure:10250: checking for uint64_t
configure:10250: gcc -c -g -O2  conftest.c >&5
configure:10250: $? = 0
configure:10250: gcc -c -g -O2  conftest.c >&5
conftest.c: In function 'main':
conftest.c:65:23: error: expected expression before ')' token
 if (sizeof ((uint64_t)))
                       ^
configure:10250: $? = 1
configure: failed program was:
| /* confdefs.h */
| #define PACKAGE_NAME "sqlite"
| #define PACKAGE_TARNAME "sqlite"
| #define PACKAGE_VERSION "3.31.0"
| #define PACKAGE_STRING "sqlite 3.31.0"
| #define PACKAGE_BUGREPORT ""
| #define PACKAGE_URL ""
| #define STDC_HEADERS 1
| #define HAVE_SYS_TYPES_H 1
| #define HAVE_SYS_STAT_H 1
| #define HAVE_STDLIB_H 1
| #define HAVE_STRING_H 1
| #define HAVE_MEMORY_H 1
| #define HAVE_STRINGS_H 1
| #define HAVE_INTTYPES_H 1
| #define HAVE_STDINT_H 1
| #define HAVE_UNISTD_H 1
| #define HAVE_DLFCN_H 1
| #define LT_OBJDIR ".libs/"
| #define HAVE_INT8_T 1
| #define HAVE_INT16_T 1
| #define HAVE_INT32_T 1
| #define HAVE_INT64_T 1
| #define HAVE_INTPTR_T 1
| #define HAVE_UINT8_T 1
| #define HAVE_UINT16_T 1
| #define HAVE_UINT32_T 1
| /* end confdefs.h.  */
| #include <stdio.h>
| #ifdef HAVE_SYS_TYPES_H
| # include <sys/types.h>
| #endif
| #ifdef HAVE_SYS_STAT_H
| # include <sys/stat.h>
| #endif
| #ifdef STDC_HEADERS
| # include <stdlib.h>
| # include <stddef.h>
| #else
| # ifdef HAVE_STDLIB_H
| #  include <stdlib.h>
| # endif
| #endif
| #ifdef HAVE_STRING_H
| # if !defined STDC_HEADERS && defined HAVE_MEMORY_H
| #  include <memory.h>
| # endif
| # include <string.h>
| #endif
| #ifdef HAVE_STRINGS_H
| # include <strings.h>
| #endif
| #ifdef HAVE_INTTYPES_H
| # include <inttypes.h>
| #endif
| #ifdef HAVE_STDINT_H
| # include <stdint.h>
| #endif
| #ifdef HAVE_UNISTD_H
| # include <unistd.h>
| #endif
| int
| main ()
| {
| if (sizeof ((uint64_t)))
| 	    return 0;
|   ;
|   return 0;
| }
configure:10250: result: yes
configure:10259: checking for uintptr_t
configure:10259: gcc -c -g -O2  conftest.c >&5
configure:10259: $? = 0
configure:10259: gcc -c -g -O2  conftest.c >&5
conftest.c: In function 'main':
conftest.c:66:24: error: expected expression before ')' token
 if (sizeof ((uintptr_t)))
                        ^
configure:10259: $? = 1
configure: failed program was:
| /* confdefs.h */
| #define PACKAGE_NAME "sqlite"
| #define PACKAGE_TARNAME "sqlite"
| #define PACKAGE_VERSION "3.31.0"
| #define PACKAGE_STRING "sqlite 3.31.0"
| #define PACKAGE_BUGREPORT ""
| #define PACKAGE_URL ""
| #define STDC_HEADERS 1
| #define HAVE_SYS_TYPES_H 1
| #define HAVE_SYS_STAT_H 1
| #define HAVE_STDLIB_H 1
| #define HAVE_STRING_H 1
| #define HAVE_MEMORY_H 1
| #define HAVE_STRINGS_H 1
| #define HAVE_INTTYPES_H 1
| #define HAVE_STDINT_H 1
| #define HAVE_UNISTD_H 1
| #define HAVE_DLFCN_H 1
| #define LT_OBJDIR ".libs/"
| #define HAVE_INT8_T 1
| #define HAVE_INT16_T 1
| #define HAVE_INT32_T 1
| #define HAVE_INT64_T 1
| #define HAVE_INTPTR_T 1
| #define HAVE_UINT8_T 1
| #define HAVE_UINT16_T 1
| #define HAVE_UINT32_T 1
| #define HAVE_UINT64_T 1
| /* end confdefs.h.  */
| #include <stdio.h>
| #ifdef HAVE_SYS_TYPES_H
| # include <sys/types.h>
| #endif
| #ifdef HAVE_SYS_STAT_H
| # include <sys/stat.h>
| #endif
| #ifdef STDC_HEADERS
| # include <stdlib.h>
| # include <stddef.h>
| #else
| # ifdef HAVE_STDLIB_H
| #  include <stdlib.h>
| # endif
| #endif
| #ifdef HAVE_STRING_H
| # if !defined STDC_HEADERS && defined HAVE_MEMORY_H
| #  include <memory.h>
| # endif
| # include <string.h>
| #endif
| #ifdef HAVE_STRINGS_H
| # include <strings.h>
| #endif
| #ifdef HAVE_INTTYPES_H
| # include <inttypes.h>
| #endif
| #ifdef HAVE_STDINT_H
| # include <stdint.h>
| #endif
| #ifdef HAVE_UNISTD_H
| # include <unistd.h>
| #endif
| int
| main ()
| {
| if (sizeof ((uintptr_t)))
| 	    return 0;
|   ;
|   return 0;
| }
configure:10259: result: yes
configure:10275: checking for sys/types.h
configure:10275: result: yes
configure:10275: checking for stdlib.h
configure:10275: result: yes
configure:10275: checking for stdint.h
configure:10275: result: yes
configure:10275: checking for inttypes.h
configure:10275: result: yes
configure:10275: checking malloc.h usability
configure:10275: gcc -c -g -O2  conftest.c >&5
configure:10275: $? = 0
configure:10275: result: yes
configure:10275: checking malloc.h presence
configure:10275: gcc -E  conftest.c
configure:10275: $? = 0
configure:10275: result: yes
configure:10275: checking for malloc.h
configure:10275: result: yes
configure:10292: checking for fdatasync
configure:10292: gcc -o conftest -g -O2   conftest.c  >&5
configure:10292: $? = 0
configure:10292: result: yes
configure:10292: checking for gmtime_r
configure:10292: gcc -o conftest -g -O2   conftest.c  >&5
configure:10292: $? = 0
configure:10292: result: yes
configure:10292: checking for isnan
configure:10292: gcc -o conftest -g -O2   conftest.c  >&5
conftest.c:61:6: warning: conflicting types for built-in function 'isnan' [enabled by default]
 char isnan ();
      ^
configure:10292: $? = 0
configure:10292: result: yes
configure:10292: checking for localtime_r
configure:10292: gcc -o conftest -g -O2   conftest.c  >&5
configure:10292: $? = 0
configure:10292: result: yes
configure:10292: checking for localtime_s
configure:10292: gcc -o conftest -g -O2   conftest.c  >&5
/tmp/ccG78XlA.o: In function `main':
/host/sqlite3/bld/conftest.c:74: undefined reference to `localtime_s'
collect2: error: ld returned 1 exit status
configure:10292: $? = 1
configure: failed program was:
| /* confdefs.h */
| #define PACKAGE_NAME "sqlite"
| #define PACKAGE_TARNAME "sqlite"
| #define PACKAGE_VERSION "3.31.0"
| #define PACKAGE_STRING "sqlite 3.31.0"
| #define PACKAGE_BUGREPORT ""
| #define PACKAGE_URL ""
| #define STDC_HEADERS 1
| #define HAVE_SYS_TYPES_H 1
| #define HAVE_SYS_STAT_H 1
| #define HAVE_STDLIB_H 1
| #define HAVE_STRING_H 1
| #define HAVE_MEMORY_H 1
| #define HAVE_STRINGS_H 1
| #define HAVE_INTTYPES_H 1
| #define HAVE_STDINT_H 1
| #define HAVE_UNISTD_H 1
| #define HAVE_DLFCN_H 1
| #define LT_OBJDIR ".libs/"
| #define HAVE_INT8_T 1
| #define HAVE_INT16_T 1
| #define HAVE_INT32_T 1
| #define HAVE_INT64_T 1
| #define HAVE_INTPTR_T 1
| #define HAVE_UINT8_T 1
| #define HAVE_UINT16_T 1
| #define HAVE_UINT32_T 1
| #define HAVE_UINT64_T 1
| #define HAVE_UINTPTR_T 1
| #define HAVE_SYS_TYPES_H 1
| #define HAVE_STDLIB_H 1
| #define HAVE_STDINT_H 1
| #define HAVE_INTTYPES_H 1
| #define HAVE_MALLOC_H 1
| #define HAVE_FDATASYNC 1
| #define HAVE_GMTIME_R 1
| #define HAVE_ISNAN 1
| #define HAVE_LOCALTIME_R 1
| /* end confdefs.h.  */
| /* Define localtime_s to an innocuous variant, in case <limits.h> declares localtime_s.
|    For example, HP-UX 11i <limits.h> declares gettimeofday.  */
| #define localtime_s innocuous_localtime_s
| 
| /* System header to define __stub macros and hopefully few prototypes,
|     which can conflict with char localtime_s (); below.
|     Prefer <limits.h> to <assert.h> if __STDC__ is defined, since
|     <limits.h> exists even on freestanding compilers.  */
| 
| #ifdef __STDC__
| # include <limits.h>
| #else
| # include <assert.h>
| #endif
| 
| #undef localtime_s
| 
| /* Override any GCC internal prototype to avoid an error.
|    Use char because int might match the return type of a GCC
|    builtin and then its argument prototype would still apply.  */
| #ifdef __cplusplus
| extern "C"
| #endif
| char localtime_s ();
| /* The GNU C library defines this for functions which it implements
|     to always fail with ENOSYS.  Some functions are actually named
|     something starting with __ and the normal name is an alias.  */
| #if defined __stub_localtime_s || defined __stub___localtime_s
| choke me
| #endif
| 
| int
| main ()
| {
| return localtime_s ();
|   ;
|   return 0;
| }
configure:10292: result: no
configure:10292: checking for malloc_usable_size
configure:10292: gcc -o conftest -g -O2   conftest.c  >&5
configure:10292: $? = 0
configure:10292: result: yes
configure:10292: checking for strchrnul
configure:10292: gcc -o conftest -g -O2   conftest.c  >&5
configure:10292: $? = 0
configure:10292: result: yes
configure:10292: checking for usleep
configure:10292: gcc -o conftest -g -O2   conftest.c  >&5
configure:10292: $? = 0
configure:10292: result: yes
configure:10292: checking for utime
configure:10292: gcc -o conftest -g -O2   conftest.c  >&5
configure:10292: $? = 0
configure:10292: result: yes
configure:10292: checking for pread
configure:10292: gcc -o conftest -g -O2   conftest.c  >&5
configure:10292: $? = 0
configure:10292: result: yes
configure:10292: checking for pread64
configure:10292: gcc -o conftest -g -O2   conftest.c  >&5
configure:10292: $? = 0
configure:10292: result: yes
configure:10292: checking for pwrite
configure:10292: gcc -o conftest -g -O2   conftest.c  >&5
configure:10292: $? = 0
configure:10292: result: yes
configure:10292: checking for pwrite64
configure:10292: gcc -o conftest -g -O2   conftest.c  >&5
configure:10292: $? = 0
configure:10292: result: yes
configure:10316: checking for tclsh8.7
configure:10346: result: no
configure:10316: checking for tclsh8.6
configure:10346: result: no
configure:10316: checking for tclsh8.5
configure:10332: found /usr/bin/tclsh8.5
configure:10343: result: tclsh8.5
configure:10384: Version set to 3.31
configure:10388: Release set to 3.31.0
configure:10394: Version number set to 3031000
configure:10464: checking whether to support threadsafe operation
configure:10472: result: yes
configure:10478: checking for library containing pthread_create
configure:10509: gcc -o conftest -g -O2   conftest.c  >&5
/tmp/ccxIVKRZ.o: In function `main':
/host/sqlite3/bld/conftest.c:59: undefined reference to `pthread_create'
collect2: error: ld returned 1 exit status
configure:10509: $? = 1
configure: failed program was:
| /* confdefs.h */
| #define PACKAGE_NAME "sqlite"
| #define PACKAGE_TARNAME "sqlite"
| #define PACKAGE_VERSION "3.31.0"
| #define PACKAGE_STRING "sqlite 3.31.0"
| #define PACKAGE_BUGREPORT ""
| #define PACKAGE_URL ""
| #define STDC_HEADERS 1
| #define HAVE_SYS_TYPES_H 1
| #define HAVE_SYS_STAT_H 1
| #define HAVE_STDLIB_H 1
| #define HAVE_STRING_H 1
| #define HAVE_MEMORY_H 1
| #define HAVE_STRINGS_H 1
| #define HAVE_INTTYPES_H 1
| #define HAVE_STDINT_H 1
| #define HAVE_UNISTD_H 1
| #define HAVE_DLFCN_H 1
| #define LT_OBJDIR ".libs/"
| #define HAVE_INT8_T 1
| #define HAVE_INT16_T 1
| #define HAVE_INT32_T 1
| #define HAVE_INT64_T 1
| #define HAVE_INTPTR_T 1
| #define HAVE_UINT8_T 1
| #define HAVE_UINT16_T 1
| #define HAVE_UINT32_T 1
| #define HAVE_UINT64_T 1
| #define HAVE_UINTPTR_T 1
| #define HAVE_SYS_TYPES_H 1
| #define HAVE_STDLIB_H 1
| #define HAVE_STDINT_H 1
| #define HAVE_INTTYPES_H 1
| #define HAVE_MALLOC_H 1
| #define HAVE_FDATASYNC 1
| #define HAVE_GMTIME_R 1
| #define HAVE_ISNAN 1
| #define HAVE_LOCALTIME_R 1
| #define HAVE_MALLOC_USABLE_SIZE 1
| #define HAVE_STRCHRNUL 1
| #define HAVE_USLEEP 1
| #define HAVE_UTIME 1
| #define HAVE_PREAD 1
| #define HAVE_PREAD64 1
| #define HAVE_PWRITE 1
| #define HAVE_PWRITE64 1
| /* end confdefs.h.  */
| 
| /* Override any GCC internal prototype to avoid an error.
|    Use char because int might match the return type of a GCC
|    builtin and then its argument prototype would still apply.  */
| #ifdef __cplusplus
| extern "C"
| #endif
| char pthread_create ();
| int
| main ()
| {
| return pthread_create ();
|   ;
|   return 0;
| }
configure:10509: gcc -o conftest -g -O2   conftest.c -lpthread   >&5
configure:10509: $? = 0
configure:10526: result: -lpthread
configure:10534: checking for library containing pthread_mutexattr_init
configure:10565: gcc -o conftest -g -O2   conftest.c -lpthread  >&5
configure:10565: $? = 0
configure:10582: result: none required
configure:10602: checking whether to support shared library linked as release mode or not
configure:10606: result: no
configure:10625: checking whether to use an in-ram database for temporary tables
configure:10635: result: no
configure:10662: checking if executables have the .exe suffix
configure:10669: result: unknown
configure:10727: checking for Tcl configuration
configure:10849: result: found /usr/lib64/tcl8.5/tclConfig.sh
configure:10852: checking for existence of /usr/lib64/tcl8.5/tclConfig.sh
configure:10855: result: loading
configure:10939: checking for library containing readline
configure:10970: gcc -o conftest -g -O2 -DSQLITE_OS_UNIX=1   conftest.c  >&5
/tmp/ccNN6vOs.o: In function `main':
/host/sqlite3/bld/conftest.c:59: undefined reference to `readline'
collect2: error: ld returned 1 exit status
configure:10970: $? = 1
configure: failed program was:
| /* confdefs.h */
| #define PACKAGE_NAME "sqlite"
| #define PACKAGE_TARNAME "sqlite"
| #define PACKAGE_VERSION "3.31.0"
| #define PACKAGE_STRING "sqlite 3.31.0"
| #define PACKAGE_BUGREPORT ""
| #define PACKAGE_URL ""
| #define STDC_HEADERS 1
| #define HAVE_SYS_TYPES_H 1
| #define HAVE_SYS_STAT_H 1
| #define HAVE_STDLIB_H 1
| #define HAVE_STRING_H 1
| #define HAVE_MEMORY_H 1
| #define HAVE_STRINGS_H 1
| #define HAVE_INTTYPES_H 1
| #define HAVE_STDINT_H 1
| #define HAVE_UNISTD_H 1
| #define HAVE_DLFCN_H 1
| #define LT_OBJDIR ".libs/"
| #define HAVE_INT8_T 1
| #define HAVE_INT16_T 1
| #define HAVE_INT32_T 1
| #define HAVE_INT64_T 1
| #define HAVE_INTPTR_T 1
| #define HAVE_UINT8_T 1
| #define HAVE_UINT16_T 1
| #define HAVE_UINT32_T 1
| #define HAVE_UINT64_T 1
| #define HAVE_UINTPTR_T 1
| #define HAVE_SYS_TYPES_H 1
| #define HAVE_STDLIB_H 1
| #define HAVE_STDINT_H 1
| #define HAVE_INTTYPES_H 1
| #define HAVE_MALLOC_H 1
| #define HAVE_FDATASYNC 1
| #define HAVE_GMTIME_R 1
| #define HAVE_ISNAN 1
| #define HAVE_LOCALTIME_R 1
| #define HAVE_MALLOC_USABLE_SIZE 1
| #define HAVE_STRCHRNUL 1
| #define HAVE_USLEEP 1
| #define HAVE_UTIME 1
| #define HAVE_PREAD 1
| #define HAVE_PREAD64 1
| #define HAVE_PWRITE 1
| #define HAVE_PWRITE64 1
| /* end confdefs.h.  */
| 
| /* Override any GCC internal prototype to avoid an error.
|    Use char because int might match the return type of a GCC
|    builtin and then its argument prototype would still apply.  */
| #ifdef __cplusplus
| extern "C"
| #endif
| char readline ();
| int
| main ()
| {
| return readline ();
|   ;
|   return 0;
| }
configure:10970: gcc -o conftest -g -O2 -DSQLITE_OS_UNIX=1   conftest.c -ledit   >&5
/usr/bin/ld: cannot find -ledit
collect2: error: ld returned 1 exit status
configure:10970: $? = 1
configure: failed program was:
| /* confdefs.h */
| #define PACKAGE_NAME "sqlite"
| #define PACKAGE_TARNAME "sqlite"
| #define PACKAGE_VERSION "3.31.0"
| #define PACKAGE_STRING "sqlite 3.31.0"
| #define PACKAGE_BUGREPORT ""
| #define PACKAGE_URL ""
| #define STDC_HEADERS 1
| #define HAVE_SYS_TYPES_H 1
| #define HAVE_SYS_STAT_H 1
| #define HAVE_STDLIB_H 1
| #define HAVE_STRING_H 1
| #define HAVE_MEMORY_H 1
| #define HAVE_STRINGS_H 1
| #define HAVE_INTTYPES_H 1
| #define HAVE_STDINT_H 1
| #define HAVE_UNISTD_H 1
| #define HAVE_DLFCN_H 1
| #define LT_OBJDIR ".libs/"
| #define HAVE_INT8_T 1
| #define HAVE_INT16_T 1
| #define HAVE_INT32_T 1
| #define HAVE_INT64_T 1
| #define HAVE_INTPTR_T 1
| #define HAVE_UINT8_T 1
| #define HAVE_UINT16_T 1
| #define HAVE_UINT32_T 1
| #define HAVE_UINT64_T 1
| #define HAVE_UINTPTR_T 1
| #define HAVE_SYS_TYPES_H 1
| #define HAVE_STDLIB_H 1
| #define HAVE_STDINT_H 1
| #define HAVE_INTTYPES_H 1
| #define HAVE_MALLOC_H 1
| #define HAVE_FDATASYNC 1
| #define HAVE_GMTIME_R 1
| #define HAVE_ISNAN 1
| #define HAVE_LOCALTIME_R 1
| #define HAVE_MALLOC_USABLE_SIZE 1
| #define HAVE_STRCHRNUL 1
| #define HAVE_USLEEP 1
| #define HAVE_UTIME 1
| #define HAVE_PREAD 1
| #define HAVE_PREAD64 1
| #define HAVE_PWRITE 1
| #define HAVE_PWRITE64 1
| /* end confdefs.h.  */
| 
| /* Override any GCC internal prototype to avoid an error.
|    Use char because int might match the return type of a GCC
|    builtin and then its argument prototype would still apply.  */
| #ifdef __cplusplus
| extern "C"
| #endif
| char readline ();
| int
| main ()
| {
| return readline ();
|   ;
|   return 0;
| }
configure:10987: result: no
configure:11014: checking for library containing tgetent
configure:11045: gcc -o conftest -g -O2 -DSQLITE_OS_UNIX=1   conftest.c  >&5
/tmp/ccMnYYsz.o: In function `main':
/host/sqlite3/bld/conftest.c:59: undefined reference to `tgetent'
collect2: error: ld returned 1 exit status
configure:11045: $? = 1
configure: failed program was:
| /* confdefs.h */
| #define PACKAGE_NAME "sqlite"
| #define PACKAGE_TARNAME "sqlite"
| #define PACKAGE_VERSION "3.31.0"
| #define PACKAGE_STRING "sqlite 3.31.0"
| #define PACKAGE_BUGREPORT ""
| #define PACKAGE_URL ""
| #define STDC_HEADERS 1
| #define HAVE_SYS_TYPES_H 1
| #define HAVE_SYS_STAT_H 1
| #define HAVE_STDLIB_H 1
| #define HAVE_STRING_H 1
| #define HAVE_MEMORY_H 1
| #define HAVE_STRINGS_H 1
| #define HAVE_INTTYPES_H 1
| #define HAVE_STDINT_H 1
| #define HAVE_UNISTD_H 1
| #define HAVE_DLFCN_H 1
| #define LT_OBJDIR ".libs/"
| #define HAVE_INT8_T 1
| #define HAVE_INT16_T 1
| #define HAVE_INT32_T 1
| #define HAVE_INT64_T 1
| #define HAVE_INTPTR_T 1
| #define HAVE_UINT8_T 1
| #define HAVE_UINT16_T 1
| #define HAVE_UINT32_T 1
| #define HAVE_UINT64_T 1
| #define HAVE_UINTPTR_T 1
| #define HAVE_SYS_TYPES_H 1
| #define HAVE_STDLIB_H 1
| #define HAVE_STDINT_H 1
| #define HAVE_INTTYPES_H 1
| #define HAVE_MALLOC_H 1
| #define HAVE_FDATASYNC 1
| #define HAVE_GMTIME_R 1
| #define HAVE_ISNAN 1
| #define HAVE_LOCALTIME_R 1
| #define HAVE_MALLOC_USABLE_SIZE 1
| #define HAVE_STRCHRNUL 1
| #define HAVE_USLEEP 1
| #define HAVE_UTIME 1
| #define HAVE_PREAD 1
| #define HAVE_PREAD64 1
| #define HAVE_PWRITE 1
| #define HAVE_PWRITE64 1
| /* end confdefs.h.  */
| 
| /* Override any GCC internal prototype to avoid an error.
|    Use char because int might match the return type of a GCC
|    builtin and then its argument prototype would still apply.  */
| #ifdef __cplusplus
| extern "C"
| #endif
| char tgetent ();
| int
| main ()
| {
| return tgetent ();
|   ;
|   return 0;
| }
configure:11045: gcc -o conftest -g -O2 -DSQLITE_OS_UNIX=1   conftest.c -lreadline   >&5
/usr/bin/ld: /tmp/ccU4gerK.o: undefined reference to symbol 'tgetent'
/lib64/libtinfo.so.5: error adding symbols: DSO missing from command line
collect2: error: ld returned 1 exit status
configure:11045: $? = 1
configure: failed program was:
| /* confdefs.h */
| #define PACKAGE_NAME "sqlite"
| #define PACKAGE_TARNAME "sqlite"
| #define PACKAGE_VERSION "3.31.0"
| #define PACKAGE_STRING "sqlite 3.31.0"
| #define PACKAGE_BUGREPORT ""
| #define PACKAGE_URL ""
| #define STDC_HEADERS 1
| #define HAVE_SYS_TYPES_H 1
| #define HAVE_SYS_STAT_H 1
| #define HAVE_STDLIB_H 1
| #define HAVE_STRING_H 1
| #define HAVE_MEMORY_H 1
| #define HAVE_STRINGS_H 1
| #define HAVE_INTTYPES_H 1
| #define HAVE_STDINT_H 1
| #define HAVE_UNISTD_H 1
| #define HAVE_DLFCN_H 1
| #define LT_OBJDIR ".libs/"
| #define HAVE_INT8_T 1
| #define HAVE_INT16_T 1
| #define HAVE_INT32_T 1
| #define HAVE_INT64_T 1
| #define HAVE_INTPTR_T 1
| #define HAVE_UINT8_T 1
| #define HAVE_UINT16_T 1
| #define HAVE_UINT32_T 1
| #define HAVE_UINT64_T 1
| #define HAVE_UINTPTR_T 1
| #define HAVE_SYS_TYPES_H 1
| #define HAVE_STDLIB_H 1
| #define HAVE_STDINT_H 1
| #define HAVE_INTTYPES_H 1
| #define HAVE_MALLOC_H 1
| #define HAVE_FDATASYNC 1
| #define HAVE_GMTIME_R 1
| #define HAVE_ISNAN 1
| #define HAVE_LOCALTIME_R 1
| #define HAVE_MALLOC_USABLE_SIZE 1
| #define HAVE_STRCHRNUL 1
| #define HAVE_USLEEP 1
| #define HAVE_UTIME 1
| #define HAVE_PREAD 1
| #define HAVE_PREAD64 1
| #define HAVE_PWRITE 1
| #define HAVE_PWRITE64 1
| /* end confdefs.h.  */
| 
| /* Override any GCC internal prototype to avoid an error.
|    Use char because int might match the return type of a GCC
|    builtin and then its argument prototype would still apply.  */
| #ifdef __cplusplus
| extern "C"
| #endif
| char tgetent ();
| int
| main ()
| {
| return tgetent ();
|   ;
|   return 0;
| }
configure:11045: gcc -o conftest -g -O2 -DSQLITE_OS_UNIX=1   conftest.c -lncurses   >&5
configure:11045: $? = 0
configure:11062: result: -lncurses
configure:11072: checking for readline in -lreadline
configure:11097: gcc -o conftest -g -O2 -DSQLITE_OS_UNIX=1   conftest.c -lreadline  -lncurses  >&5
configure:11097: $? = 0
configure:11106: result: yes
configure:11129: checking readline.h usability
configure:11129: gcc -c -g -O2 -DSQLITE_OS_UNIX=1  conftest.c >&5
conftest.c:81:22: fatal error: readline.h: No such file or directory
 #include <readline.h>
                      ^
compilation terminated.
configure:11129: $? = 1
configure: failed program was:
| /* confdefs.h */
| #define PACKAGE_NAME "sqlite"
| #define PACKAGE_TARNAME "sqlite"
| #define PACKAGE_VERSION "3.31.0"
| #define PACKAGE_STRING "sqlite 3.31.0"
| #define PACKAGE_BUGREPORT ""
| #define PACKAGE_URL ""
| #define STDC_HEADERS 1
| #define HAVE_SYS_TYPES_H 1
| #define HAVE_SYS_STAT_H 1
| #define HAVE_STDLIB_H 1
| #define HAVE_STRING_H 1
| #define HAVE_MEMORY_H 1
| #define HAVE_STRINGS_H 1
| #define HAVE_INTTYPES_H 1
| #define HAVE_STDINT_H 1
| #define HAVE_UNISTD_H 1
| #define HAVE_DLFCN_H 1
| #define LT_OBJDIR ".libs/"
| #define HAVE_INT8_T 1
| #define HAVE_INT16_T 1
| #define HAVE_INT32_T 1
| #define HAVE_INT64_T 1
| #define HAVE_INTPTR_T 1
| #define HAVE_UINT8_T 1
| #define HAVE_UINT16_T 1
| #define HAVE_UINT32_T 1
| #define HAVE_UINT64_T 1
| #define HAVE_UINTPTR_T 1
| #define HAVE_SYS_TYPES_H 1
| #define HAVE_STDLIB_H 1
| #define HAVE_STDINT_H 1
| #define HAVE_INTTYPES_H 1
| #define HAVE_MALLOC_H 1
| #define HAVE_FDATASYNC 1
| #define HAVE_GMTIME_R 1
| #define HAVE_ISNAN 1
| #define HAVE_LOCALTIME_R 1
| #define HAVE_MALLOC_USABLE_SIZE 1
| #define HAVE_STRCHRNUL 1
| #define HAVE_USLEEP 1
| #define HAVE_UTIME 1
| #define HAVE_PREAD 1
| #define HAVE_PREAD64 1
| #define HAVE_PWRITE 1
| #define HAVE_PWRITE64 1
| /* end confdefs.h.  */
| #include <stdio.h>
| #ifdef HAVE_SYS_TYPES_H
| # include <sys/types.h>
| #endif
| #ifdef HAVE_SYS_STAT_H
| # include <sys/stat.h>
| #endif
| #ifdef STDC_HEADERS
| # include <stdlib.h>
| # include <stddef.h>
| #else
| # ifdef HAVE_STDLIB_H
| #  include <stdlib.h>
| # endif
| #endif
| #ifdef HAVE_STRING_H
| # if !defined STDC_HEADERS && defined HAVE_MEMORY_H
| #  include <memory.h>
| # endif
| # include <string.h>
| #endif
| #ifdef HAVE_STRINGS_H
| # include <strings.h>
| #endif
| #ifdef HAVE_INTTYPES_H
| # include <inttypes.h>
| #endif
| #ifdef HAVE_STDINT_H
| # include <stdint.h>
| #endif
| #ifdef HAVE_UNISTD_H
| # include <unistd.h>
| #endif
| #include <readline.h>
configure:11129: result: no
configure:11129: checking readline.h presence
configure:11129: gcc -E  conftest.c
conftest.c:48:22: fatal error: readline.h: No such file or directory
 #include <readline.h>
                      ^
compilation terminated.
configure:11129: $? = 1
configure: failed program was:
| /* confdefs.h */
| #define PACKAGE_NAME "sqlite"
| #define PACKAGE_TARNAME "sqlite"
| #define PACKAGE_VERSION "3.31.0"
| #define PACKAGE_STRING "sqlite 3.31.0"
| #define PACKAGE_BUGREPORT ""
| #define PACKAGE_URL ""
| #define STDC_HEADERS 1
| #define HAVE_SYS_TYPES_H 1
| #define HAVE_SYS_STAT_H 1
| #define HAVE_STDLIB_H 1
| #define HAVE_STRING_H 1
| #define HAVE_MEMORY_H 1
| #define HAVE_STRINGS_H 1
| #define HAVE_INTTYPES_H 1
| #define HAVE_STDINT_H 1
| #define HAVE_UNISTD_H 1
| #define HAVE_DLFCN_H 1
| #define LT_OBJDIR ".libs/"
| #define HAVE_INT8_T 1
| #define HAVE_INT16_T 1
| #define HAVE_INT32_T 1
| #define HAVE_INT64_T 1
| #define HAVE_INTPTR_T 1
| #define HAVE_UINT8_T 1
| #define HAVE_UINT16_T 1
| #define HAVE_UINT32_T 1
| #define HAVE_UINT64_T 1
| #define HAVE_UINTPTR_T 1
| #define HAVE_SYS_TYPES_H 1
| #define HAVE_STDLIB_H 1
| #define HAVE_STDINT_H 1
| #define HAVE_INTTYPES_H 1
| #define HAVE_MALLOC_H 1
| #define HAVE_FDATASYNC 1
| #define HAVE_GMTIME_R 1
| #define HAVE_ISNAN 1
| #define HAVE_LOCALTIME_R 1
| #define HAVE_MALLOC_USABLE_SIZE 1
| #define HAVE_STRCHRNUL 1
| #define HAVE_USLEEP 1
| #define HAVE_UTIME 1
| #define HAVE_PREAD 1
| #define HAVE_PREAD64 1
| #define HAVE_PWRITE 1
| #define HAVE_PWRITE64 1
| /* end confdefs.h.  */
| #include <readline.h>
configure:11129: result: no
configure:11129: checking for readline.h
configure:11129: result: no
configure:11139: checking for /usr/include/readline.h
configure:11153: result: no
configure:11139: checking for /usr/include/readline/readline.h
configure:11153: result: yes
configure:11193: checking for library containing fdatasync
configure:11224: gcc -o conftest -g -O2 -DSQLITE_OS_UNIX=1   conftest.c -lpthread  >&5
configure:11224: $? = 0
configure:11241: result: none required
configure:11280: checking zlib.h usability
configure:11280: gcc -c -g -O2 -DSQLITE_OS_UNIX=1  conftest.c >&5
configure:11280: $? = 0
configure:11280: result: yes
configure:11280: checking zlib.h presence
configure:11280: gcc -E  conftest.c
configure:11280: $? = 0
configure:11280: result: yes
configure:11280: checking for zlib.h
configure:11280: result: yes
configure:11290: checking for library containing deflate
configure:11321: gcc -o conftest -g -O2 -DSQLITE_OS_UNIX=1   conftest.c -lpthread  >&5
/tmp/cczOrYiN.o: In function `main':
/host/sqlite3/bld/conftest.c:60: undefined reference to `deflate'
collect2: error: ld returned 1 exit status
configure:11321: $? = 1
configure: failed program was:
| /* confdefs.h */
| #define PACKAGE_NAME "sqlite"
| #define PACKAGE_TARNAME "sqlite"
| #define PACKAGE_VERSION "3.31.0"
| #define PACKAGE_STRING "sqlite 3.31.0"
| #define PACKAGE_BUGREPORT ""
| #define PACKAGE_URL ""
| #define STDC_HEADERS 1
| #define HAVE_SYS_TYPES_H 1
| #define HAVE_SYS_STAT_H 1
| #define HAVE_STDLIB_H 1
| #define HAVE_STRING_H 1
| #define HAVE_MEMORY_H 1
| #define HAVE_STRINGS_H 1
| #define HAVE_INTTYPES_H 1
| #define HAVE_STDINT_H 1
| #define HAVE_UNISTD_H 1
| #define HAVE_DLFCN_H 1
| #define LT_OBJDIR ".libs/"
| #define HAVE_INT8_T 1
| #define HAVE_INT16_T 1
| #define HAVE_INT32_T 1
| #define HAVE_INT64_T 1
| #define HAVE_INTPTR_T 1
| #define HAVE_UINT8_T 1
| #define HAVE_UINT16_T 1
| #define HAVE_UINT32_T 1
| #define HAVE_UINT64_T 1
| #define HAVE_UINTPTR_T 1
| #define HAVE_SYS_TYPES_H 1
| #define HAVE_STDLIB_H 1
| #define HAVE_STDINT_H 1
| #define HAVE_INTTYPES_H 1
| #define HAVE_MALLOC_H 1
| #define HAVE_FDATASYNC 1
| #define HAVE_GMTIME_R 1
| #define HAVE_ISNAN 1
| #define HAVE_LOCALTIME_R 1
| #define HAVE_MALLOC_USABLE_SIZE 1
| #define HAVE_STRCHRNUL 1
| #define HAVE_USLEEP 1
| #define HAVE_UTIME 1
| #define HAVE_PREAD 1
| #define HAVE_PREAD64 1
| #define HAVE_PWRITE 1
| #define HAVE_PWRITE64 1
| #define HAVE_ZLIB_H 1
| /* end confdefs.h.  */
| 
| /* Override any GCC internal prototype to avoid an error.
|    Use char because int might match the return type of a GCC
|    builtin and then its argument prototype would still apply.  */
| #ifdef __cplusplus
| extern "C"
| #endif
| char deflate ();
| int
| main ()
| {
| return deflate ();
|   ;
|   return 0;
| }
configure:11321: gcc -o conftest -g -O2 -DSQLITE_OS_UNIX=1   conftest.c -lz  -lpthread  >&5
configure:11321: $? = 0
configure:11338: result: -lz
configure:11361: checking for library containing dlopen
configure:11392: gcc -o conftest -g -O2 -DSQLITE_OS_UNIX=1   conftest.c -lz -lpthread  >&5
/tmp/ccDXDTY9.o: In function `main':
/host/sqlite3/bld/conftest.c:60: undefined reference to `dlopen'
collect2: error: ld returned 1 exit status
configure:11392: $? = 1
configure: failed program was:
| /* confdefs.h */
| #define PACKAGE_NAME "sqlite"
| #define PACKAGE_TARNAME "sqlite"
| #define PACKAGE_VERSION "3.31.0"
| #define PACKAGE_STRING "sqlite 3.31.0"
| #define PACKAGE_BUGREPORT ""
| #define PACKAGE_URL ""
| #define STDC_HEADERS 1
| #define HAVE_SYS_TYPES_H 1
| #define HAVE_SYS_STAT_H 1
| #define HAVE_STDLIB_H 1
| #define HAVE_STRING_H 1
| #define HAVE_MEMORY_H 1
| #define HAVE_STRINGS_H 1
| #define HAVE_INTTYPES_H 1
| #define HAVE_STDINT_H 1
| #define HAVE_UNISTD_H 1
| #define HAVE_DLFCN_H 1
| #define LT_OBJDIR ".libs/"
| #define HAVE_INT8_T 1
| #define HAVE_INT16_T 1
| #define HAVE_INT32_T 1
| #define HAVE_INT64_T 1
| #define HAVE_INTPTR_T 1
| #define HAVE_UINT8_T 1
| #define HAVE_UINT16_T 1
| #define HAVE_UINT32_T 1
| #define HAVE_UINT64_T 1
| #define HAVE_UINTPTR_T 1
| #define HAVE_SYS_TYPES_H 1
| #define HAVE_STDLIB_H 1
| #define HAVE_STDINT_H 1
| #define HAVE_INTTYPES_H 1
| #define HAVE_MALLOC_H 1
| #define HAVE_FDATASYNC 1
| #define HAVE_GMTIME_R 1
| #define HAVE_ISNAN 1
| #define HAVE_LOCALTIME_R 1
| #define HAVE_MALLOC_USABLE_SIZE 1
| #define HAVE_STRCHRNUL 1
| #define HAVE_USLEEP 1
| #define HAVE_UTIME 1
| #define HAVE_PREAD 1
| #define HAVE_PREAD64 1
| #define HAVE_PWRITE 1
| #define HAVE_PWRITE64 1
| #define HAVE_ZLIB_H 1
| /* end confdefs.h.  */
| 
| /* Override any GCC internal prototype to avoid an error.
|    Use char because int might match the return type of a GCC
|    builtin and then its argument prototype would still apply.  */
| #ifdef __cplusplus
| extern "C"
| #endif
| char dlopen ();
| int
| main ()
| {
| return dlopen ();
|   ;
|   return 0;
| }
configure:11392: gcc -o conftest -g -O2 -DSQLITE_OS_UNIX=1   conftest.c -ldl  -lz -lpthread  >&5
configure:11392: $? = 0
configure:11409: result: -ldl
configure:11429: checking whether to support MEMSYS5
configure:11436: result: no
configure:11444: checking whether to support MEMSYS3
configure:11451: result: no
configure:11854: creating ./config.status

## ---------------------- ##
## Running config.status. ##
## ---------------------- ##

This file was extended by sqlite config.status 3.31.0, which was
generated by GNU Autoconf 2.69.  Invocation command line was

  CONFIG_FILES    = 
  CONFIG_HEADERS  = 
  CONFIG_LINKS    = 
  CONFIG_COMMANDS = 
  $ ./config.status 

on 52893c7fb502

config.status:1088: creating Makefile
config.status:1088: creating sqlite3.pc
config.status:1088: creating config.h
config.status:1262: executing libtool commands

## ---------------- ##
## Cache variables. ##
## ---------------- ##

ac_cv_build=x86_64-pc-linux-gnu
ac_cv_c_compiler_gnu=yes
ac_cv_c_tclconfig=/usr/lib64/tcl8.5
ac_cv_env_CC_set=
ac_cv_env_CC_value=
ac_cv_env_CFLAGS_set=
ac_cv_env_CFLAGS_value=
ac_cv_env_CPPFLAGS_set=
ac_cv_env_CPPFLAGS_value=
ac_cv_env_CPP_set=
ac_cv_env_CPP_value=
ac_cv_env_LDFLAGS_set=
ac_cv_env_LDFLAGS_value=
ac_cv_env_LIBS_set=
ac_cv_env_LIBS_value=
ac_cv_env_TCLLIBDIR_set=
ac_cv_env_TCLLIBDIR_value=
ac_cv_env_build_alias_set=
ac_cv_env_build_alias_value=
ac_cv_env_host_alias_set=
ac_cv_env_host_alias_value=
ac_cv_env_target_alias_set=
ac_cv_env_target_alias_value=
ac_cv_file__usr_include_readline_h=no
ac_cv_file__usr_include_readline_readline_h=yes
ac_cv_func_fdatasync=yes
ac_cv_func_gmtime_r=yes
ac_cv_func_isnan=yes
ac_cv_func_localtime_r=yes
ac_cv_func_localtime_s=no
ac_cv_func_malloc_usable_size=yes
ac_cv_func_pread64=yes
ac_cv_func_pread=yes
ac_cv_func_pwrite64=yes
ac_cv_func_pwrite=yes
ac_cv_func_strchrnul=yes
ac_cv_func_usleep=yes
ac_cv_func_utime=yes
ac_cv_header_dlfcn_h=yes
ac_cv_header_inttypes_h=yes
ac_cv_header_malloc_h=yes
ac_cv_header_memory_h=yes
ac_cv_header_readline_h=no
ac_cv_header_stdc=yes
ac_cv_header_stdint_h=yes
ac_cv_header_stdlib_h=yes
ac_cv_header_string_h=yes
ac_cv_header_strings_h=yes
ac_cv_header_sys_stat_h=yes
ac_cv_header_sys_types_h=yes
ac_cv_header_unistd_h=yes
ac_cv_header_zlib_h=yes
ac_cv_host=x86_64-pc-linux-gnu
ac_cv_lib_readline_readline=yes
ac_cv_objext=o
ac_cv_path_EGREP='/bin/grep -E'
ac_cv_path_FGREP='/bin/grep -F'
ac_cv_path_GREP=/bin/grep
ac_cv_path_SED=/bin/sed
ac_cv_path_install='/usr/bin/install -c'
ac_cv_prog_CPP='gcc -E'
ac_cv_prog_TCLSH_CMD=tclsh8.5
ac_cv_prog_ac_ct_AR=ar
ac_cv_prog_ac_ct_CC=gcc
ac_cv_prog_ac_ct_OBJDUMP=objdump
ac_cv_prog_ac_ct_RANLIB=ranlib
ac_cv_prog_ac_ct_STRIP=strip
ac_cv_prog_cc_c89=
ac_cv_prog_cc_g=yes
ac_cv_search_deflate=-lz
ac_cv_search_dlopen=-ldl
ac_cv_search_fdatasync='none required'
ac_cv_search_pthread_create=-lpthread
ac_cv_search_pthread_mutexattr_init='none required'
ac_cv_search_readline=no
ac_cv_search_tgetent=-lncurses
ac_cv_sys_file_offset_bits=no
ac_cv_sys_largefile_CC=no
ac_cv_type_int16_t=yes
ac_cv_type_int32_t=yes
ac_cv_type_int64_t=yes
ac_cv_type_int8_t=yes
ac_cv_type_intptr_t=yes
ac_cv_type_uint16_t=yes
ac_cv_type_uint32_t=yes
ac_cv_type_uint64_t=yes
ac_cv_type_uint8_t=yes
ac_cv_type_uintptr_t=yes
lt_cv_deplibs_check_method=pass_all
lt_cv_file_magic_cmd='$MAGIC_CMD'
lt_cv_file_magic_test_file=
lt_cv_ld_reload_flag=-r
lt_cv_nm_interface='BSD nm'
lt_cv_objdir=.libs
lt_cv_path_LD=/usr/bin/ld
lt_cv_path_NM='/usr/bin/nm -B'
lt_cv_prog_compiler_c_o=yes
lt_cv_prog_compiler_pic_works=yes
lt_cv_prog_compiler_rtti_exceptions=no
lt_cv_prog_compiler_static_works=no
lt_cv_prog_gnu_ld=yes
lt_cv_sys_global_symbol_pipe='sed -n -e '\''s/^.*[	 ]\([ABCDGIRSTW][ABCDGIRSTW]*\)[	 ][	 ]*\([_A-Za-z][_A-Za-z0-9]*\)$/\1 \2 \2/p'\'''
lt_cv_sys_global_symbol_to_c_name_address='sed -n -e '\''s/^: \([^ ]*\) $/  {\"\1\", (void *) 0},/p'\'' -e '\''s/^[ABCDGIRSTW]* \([^ ]*\) \([^ ]*\)$/  {"\2", (void *) \&\2},/p'\'''
lt_cv_sys_global_symbol_to_c_name_address_lib_prefix='sed -n -e '\''s/^: \([^ ]*\) $/  {\"\1\", (void *) 0},/p'\'' -e '\''s/^[ABCDGIRSTW]* \([^ ]*\) \(lib[^ ]*\)$/  {"\2", (void *) \&\2},/p'\'' -e '\''s/^[ABCDGIRSTW]* \([^ ]*\) \([^ ]*\)$/  {"lib\2", (void *) \&\2},/p'\'''
lt_cv_sys_global_symbol_to_cdecl='sed -n -e '\''s/^T .* \(.*\)$/extern int \1();/p'\'' -e '\''s/^[ABCDGIRSTW]* .* \(.*\)$/extern char \1;/p'\'''
lt_cv_sys_max_cmd_len=1572864

## ----------------- ##
## Output variables. ##
## ----------------- ##

ALLOWRELEASE=''
AR='ar'
BUILD_CC='gcc'
BUILD_CFLAGS=' -g -O2'
BUILD_EXEEXT=''
CC='gcc'
CFLAGS=' -g -O2 -DSQLITE_OS_UNIX=1'
CPP='gcc -E'
CPPFLAGS=''
DEFS='-DHAVE_CONFIG_H'
DSYMUTIL=''
DUMPBIN=''
ECHO_C=''
ECHO_N='-n'
ECHO_T=''
EGREP='/bin/grep -E'
EXEEXT=''
FGREP='/bin/grep -F'
GREP='/bin/grep'
HAVE_TCL='1'
HAVE_ZLIB='-DSQLITE_HAVE_ZLIB=1'
INSTALL_DATA='${INSTALL} -m 644'
INSTALL_PROGRAM='${INSTALL}'
INSTALL_SCRIPT='${INSTALL}'
LD='/usr/bin/ld -m elf_x86_64'
LDFLAGS=''
LIBOBJS=''
LIBS='-ldl -lz -lpthread '
LIBTOOL='$(SHELL) $(top_builddir)/libtool'
LIPO=''
LN_S='ln -s'
LTLIBOBJS=''
NM='/usr/bin/nm -B'
NMEDIT=''
OBJDUMP='objdump'
OBJEXT='o'
OPT_FEATURE_FLAGS=''
OTOOL64=''
OTOOL=''
PACKAGE_BUGREPORT=''
PACKAGE_NAME='sqlite'
PACKAGE_STRING='sqlite 3.31.0'
PACKAGE_TARNAME='sqlite'
PACKAGE_URL=''
PACKAGE_VERSION='3.31.0'
PATH_SEPARATOR=':'
RANLIB='ranlib'
RELEASE='3.31.0'
SED='/bin/sed'
SHELL='/bin/sh'
SQLITE_OS_UNIX='1'
SQLITE_OS_WIN='0'
SQLITE_THREADSAFE='1'
STRIP='strip'
TARGET_DEBUG='-DNDEBUG'
TARGET_EXEEXT=''
TARGET_HAVE_EDITLINE='0'
TARGET_HAVE_READLINE='1'
TARGET_READLINE_INC='-I/usr/include/readline'
TARGET_READLINE_LIBS='-lreadline -lncurses '
TCLLIBDIR='/usr/share/tcl8.5/sqlite3'
TCLSH_CMD='tclsh8.5'
TCL_BIN_DIR='/usr/lib64/tcl8.5'
TCL_INCLUDE_SPEC='-I/usr/include'
TCL_LIB_FILE='libtcl8.5.so'
TCL_LIB_FLAG='-ltcl8.5'
TCL_LIB_SPEC='-L/usr/lib64 -ltcl8.5'
TCL_SHLIB_SUFFIX='.so'
TCL_SRC_DIR='/usr/include/tcl-private'
TCL_STUB_LIB_FILE='libtclstub8.5.a'
TCL_STUB_LIB_FLAG='-ltclstub8.5'
TCL_STUB_LIB_SPEC='-L/usr/lib64 -ltclstub8.5'
TCL_VERSION='8.5'
TEMP_STORE='1'
USE_AMALGAMATION='1'
USE_GCOV='0'
VERSION='3.31'
VERSION_NUMBER='3031000'
ac_ct_CC='gcc'
ac_ct_DUMPBIN=''
bindir='${exec_prefix}/bin'
build='x86_64-pc-linux-gnu'
build_alias=''
build_cpu='x86_64'
build_os='linux-gnu'
build_vendor='pc'
datadir='${datarootdir}'
datarootdir='${prefix}/share'
docdir='${datarootdir}/doc/${PACKAGE_TARNAME}'
dvidir='${docdir}'
exec_prefix='${prefix}'
host='x86_64-pc-linux-gnu'
host_alias=''
host_cpu='x86_64'
host_os='linux-gnu'
host_vendor='pc'
htmldir='${docdir}'
includedir='${prefix}/include'
infodir='${datarootdir}/info'
libdir='${exec_prefix}/lib'
libexecdir='${exec_prefix}/libexec'
localedir='${datarootdir}/locale'
localstatedir='${prefix}/var'
lt_ECHO='echo'
mandir='${datarootdir}/man'
oldincludedir='/usr/include'
pdfdir='${docdir}'
prefix='/usr/local'
program_prefix=''
program_transform_name='s,x,x,'
psdir='${docdir}'
sbindir='${exec_prefix}/sbin'
sharedstatedir='${prefix}/com'
sysconfdir='${prefix}/etc'
target_alias=''

## ----------- ##
## confdefs.h. ##
## ----------- ##

/* confdefs.h */
#define PACKAGE_NAME "sqlite"
#define PACKAGE_TARNAME "sqlite"
#define PACKAGE_VERSION "3.31.0"
#define PACKAGE_STRING "sqlite 3.31.0"
#define PACKAGE_BUGREPORT ""
#define PACKAGE_URL ""
#define STDC_HEADERS 1
#define HAVE_SYS_TYPES_H 1
#define HAVE_SYS_STAT_H 1
#define HAVE_STDLIB_H 1
#define HAVE_STRING_H 1
#define HAVE_MEMORY_H 1
#define HAVE_STRINGS_H 1
#define HAVE_INTTYPES_H 1
#define HAVE_STDINT_H 1
#define HAVE_UNISTD_H 1
#define HAVE_DLFCN_H 1
#define LT_OBJDIR ".libs/"
#define HAVE_INT8_T 1
#define HAVE_INT16_T 1
#define HAVE_INT32_T 1
#define HAVE_INT64_T 1
#define HAVE_INTPTR_T 1
#define HAVE_UINT8_T 1
#define HAVE_UINT16_T 1
#define HAVE_UINT32_T 1
#define HAVE_UINT64_T 1
#define HAVE_UINTPTR_T 1
#define HAVE_SYS_TYPES_H 1
#define HAVE_STDLIB_H 1
#define HAVE_STDINT_H 1
#define HAVE_INTTYPES_H 1
#define HAVE_MALLOC_H 1
#define HAVE_FDATASYNC 1
#define HAVE_GMTIME_R 1
#define HAVE_ISNAN 1
#define HAVE_LOCALTIME_R 1
#define HAVE_MALLOC_USABLE_SIZE 1
#define HAVE_STRCHRNUL 1
#define HAVE_USLEEP 1
#define HAVE_UTIME 1
#define HAVE_PREAD 1
#define HAVE_PREAD64 1
#define HAVE_PWRITE 1
#define HAVE_PWRITE64 1
#define HAVE_ZLIB_H 1

configure: exit 0
